<?xml version="1.0" encoding="UTF-8"?>
<testsuite name="MarsRoverTest" tests="1" skipped="0" failures="0" errors="0" timestamp="2020-01-25T03:20:05" hostname="CNjiahuan.yang" time="7.259">
  <properties/>
  <testcase name="should_return_position_and_direction_after_initiation" classname="MarsRoverTest" time="7.259"/>
  <system-out><![CDATA[]]></system-out>
  <system-err><![CDATA[]]></system-err>
</testsuite>
