<?xml version="1.0" encoding="UTF-8"?>
<testsuite name="MarsRoverTest" tests="12" skipped="0" failures="0" errors="0" timestamp="2020-01-28T04:58:37" hostname="CNjiahuan.yang" time="0.018">
  <properties/>
  <testcase name="should_face_to_south_given_face_to_east_and_turn_right" classname="MarsRoverTest" time="0.012"/>
  <testcase name="should_face_to_south_given_face_to_west_and_turn_left" classname="MarsRoverTest" time="0.001"/>
  <testcase name="should_face_to_west_given_face_to_south_and_turn_right" classname="MarsRoverTest" time="0.0"/>
  <testcase name="should_face_to_north_given_face_to_west_and_turn_right" classname="MarsRoverTest" time="0.0"/>
  <testcase name="should_x_minus_2_given_face_to_west_and_move_forward" classname="MarsRoverTest" time="0.0"/>
  <testcase name="should_x_plus_2_given_face_to_east_and_move_forward" classname="MarsRoverTest" time="0.0"/>
  <testcase name="should_face_to_east_given_face_to_north_and_turn_right" classname="MarsRoverTest" time="0.0"/>
  <testcase name="should_face_to_east_given_face_to_south_and_turn_left" classname="MarsRoverTest" time="0.0"/>
  <testcase name="should_face_to_north_given_face_to_east_and_turn_left" classname="MarsRoverTest" time="0.0"/>
  <testcase name="should_y_minus_2_given_face_to_south_and_move_forward" classname="MarsRoverTest" time="0.0"/>
  <testcase name="should_face_to_west_given_face_to_north_and_turn_left" classname="MarsRoverTest" time="0.0"/>
  <testcase name="should_y_plus_2_given_face_to_north_and_move_forward" classname="MarsRoverTest" time="0.0"/>
  <system-out><![CDATA[]]></system-out>
  <system-err><![CDATA[]]></system-err>
</testsuite>
